#
# A fatal error has been detected by the Java Runtime Environment:
#
#  EXCEPTION_ACCESS_VIOLATION (0xc0000005) at pc=0x0000000054f534b9, pid=5420, tid=1812
#
# JRE version: 7.0_09-b05
# Java VM: Java HotSpot(TM) 64-Bit Server VM (23.5-b02 mixed mode windows-amd64 compressed oops)
# Problematic frame:
# C  [nvoglv64.DLL+0xd634b9]  DrvPresentBuffers+0x385da9
#
# Failed to write core dump. Minidumps are not enabled by default on client versions of Windows
#
# If you would like to submit a bug report, please visit:
#   http://bugreport.sun.com/bugreport/crash.jsp
# The crash happened outside the Java Virtual Machine in native code.
# See problematic frame for where to report the bug.
#

---------------  T H R E A D  ---------------

Current thread (0x0000000001c4c800):  JavaThread "main" [_thread_in_native, id=1812, stack(0x00000000024b0000,0x00000000025b0000)]

siginfo: ExceptionCode=0xc0000005, reading address 0x0000000000000000

Registers:
RAX=0x0000000000000060, RBX=0x0000000000000200, RCX=0x0000000000000060, RDX=0xfffffffff18768b0
RSP=0x00000000025af0d8, RBP=0x0000000000000001, RSI=0x0000000000000000, RDI=0x000000000e789750
R8 =0x0000000000000060, R9 =0x0000000000000006, R10=0x0000000000000000, R11=0x000000000e789750
R12=0x0000000000000000, R13=0x00000000541f0000, R14=0x0000000000000003, R15=0x000000000e2a1180
RIP=0x0000000054f534b9, EFLAGS=0x0000000000010207

Top of Stack: (sp=0x00000000025af0d8)
0x00000000025af0d8:   0000000000000006 000000000e789750
0x00000000025af0e8:   0000000054aca384 000000077bd7f450
0x00000000025af0f8:   0000000000000000 0000000001c4c800
0x00000000025af108:   000000005497d1db 0000000000000000
0x00000000025af118:   0000000000000000 0000000000000000
0x00000000025af128:   000000000e2a1180 000000000006810b
0x00000000025af138:   0000000054acaef5 000000000e2a0080
0x00000000025af148:   0000000000000006 0000000000000004
0x00000000025af158:   00000000025c2235 0000000001c4c800
0x00000000025af168:   00000000025af260 000000077bd7f450
0x00000000025af178:   0000000000000000 00000000025b63d3
0x00000000025af188:   00000000025c23a8 000000077bd7f450
0x00000000025af198:   00000000025af220 00000000ef821ae3
0x00000000025af1a8:   00000007d59a4e30 0000000700000006
0x00000000025af1b8:   0000000054a25380 00000000025af1c0
0x00000000025af1c8:   000000077bd5c013 0000000001c4c800 

Instructions: (pc=0x0000000054f534b9)
0x0000000054f53499:   03 c0 48 3b c8 0f 8c 96 03 00 00 0f ba 25 84 fb
0x0000000054f534a9:   fc 00 01 73 13 57 56 48 8b f9 49 8b f2 49 8b c8
0x0000000054f534b9:   f3 a4 5e 5f 49 8b c3 c3 0f ba 25 67 fb fc 00 02
0x0000000054f534c9:   0f 82 56 02 00 00 f6 c1 07 74 36 f6 c1 01 74 0b 


Register to memory mapping:

RAX=0x0000000000000060 is an unknown value
RBX=0x0000000000000200 is an unknown value
RCX=0x0000000000000060 is an unknown value
RDX=0xfffffffff18768b0 is an unknown value
RSP=0x00000000025af0d8 is pointing into the stack for thread: 0x0000000001c4c800
RBP=0x0000000000000001 is an unknown value
RSI=0x0000000000000000 is an unknown value
RDI=0x000000000e789750 is an unknown value
R8 =0x0000000000000060 is an unknown value
R9 =0x0000000000000006 is an unknown value
R10=0x0000000000000000 is an unknown value
R11=0x000000000e789750 is an unknown value
R12=0x0000000000000000 is an unknown value
R13=0x00000000541f0000 is an unknown value
R14=0x0000000000000003 is an unknown value
R15=0x000000000e2a1180 is an unknown value


Stack: [0x00000000024b0000,0x00000000025b0000],  sp=0x00000000025af0d8,  free space=1020k
Native frames: (J=compiled Java code, j=interpreted, Vv=VM code, C=native code)
C  [nvoglv64.DLL+0xd634b9]  DrvPresentBuffers+0x385da9

Java frames: (J=compiled Java code, j=interpreted, Vv=VM code)
j  org.lwjgl.opengl.GL11.nglDrawArrays(IIIJ)V+0
j  org.lwjgl.opengl.GL11.glDrawArrays(III)V+22
j  mainpkg.GameCore.draw(J)V+60
j  mainpkg.ACore.mainLoop()V+28
j  mainpkg.ACore.run()V+38
j  mainpkg.Launcher.main([Ljava/lang/String;)V+3
v  ~StubRoutines::call_stub

---------------  P R O C E S S  ---------------

Java Threads: ( => current thread )
  0x000000000b89f800 JavaThread "Service Thread" daemon [_thread_blocked, id=6944, stack(0x000000000d120000,0x000000000d220000)]
  0x000000000b89f000 JavaThread "C2 CompilerThread1" daemon [_thread_blocked, id=7836, stack(0x000000000d230000,0x000000000d330000)]
  0x000000000b89a000 JavaThread "C2 CompilerThread0" daemon [_thread_blocked, id=6432, stack(0x000000000cfd0000,0x000000000d0d0000)]
  0x000000000b899000 JavaThread "Attach Listener" daemon [_thread_blocked, id=4820, stack(0x000000000ce70000,0x000000000cf70000)]
  0x000000000b892000 JavaThread "Signal Dispatcher" daemon [_thread_blocked, id=6988, stack(0x000000000cd00000,0x000000000ce00000)]
  0x0000000002259000 JavaThread "Finalizer" daemon [_thread_blocked, id=6184, stack(0x000000000cb80000,0x000000000cc80000)]
  0x0000000002252000 JavaThread "Reference Handler" daemon [_thread_blocked, id=6128, stack(0x000000000c990000,0x000000000ca90000)]
=>0x0000000001c4c800 JavaThread "main" [_thread_in_native, id=1812, stack(0x00000000024b0000,0x00000000025b0000)]

Other Threads:
  0x000000000b812000 VMThread [stack: 0x000000000c840000,0x000000000c940000] [id=3616]
  0x000000000b8b2000 WatcherThread [stack: 0x000000000d470000,0x000000000d570000] [id=6264]

VM state:not at safepoint (normal execution)

VM Mutex/Monitor currently owned by a thread: None

Heap
 PSYoungGen      total 38016K, used 9761K [0x00000007d5960000, 0x00000007d83c0000, 0x0000000800000000)
  eden space 32640K, 29% used [0x00000007d5960000,0x00000007d62e8560,0x00000007d7940000)
  from space 5376K, 0% used [0x00000007d7e80000,0x00000007d7e80000,0x00000007d83c0000)
  to   space 5376K, 0% used [0x00000007d7940000,0x00000007d7940000,0x00000007d7e80000)
 ParOldGen       total 86912K, used 0K [0x0000000780c00000, 0x00000007860e0000, 0x00000007d5960000)
  object space 86912K, 0% used [0x0000000780c00000,0x0000000780c00000,0x00000007860e0000)
 PSPermGen       total 21248K, used 7248K [0x000000077ba00000, 0x000000077cec0000, 0x0000000780c00000)
  object space 21248K, 34% used [0x000000077ba00000,0x000000077c114268,0x000000077cec0000)

Card table byte_map: [0x00000000055b0000,0x00000000059e0000] byte_map_base: 0x00000000019d3000

Polling page: 0x0000000000230000

Code Cache  [0x00000000025b0000, 0x0000000002820000, 0x00000000055b0000)
 total_blobs=489 nmethods=23 adapters=418 free_code_cache=48587Kb largest_free_block=49748928

Compilation events (10 events):
Event: 0.426 Thread 0x000000000b89f000 nmethod 17 0x00000000026390d0 code [0x0000000002639300, 0x000000000263a378]
Event: 0.427 Thread 0x000000000b89a000 nmethod 18 0x0000000002636c10 code [0x0000000002636d60, 0x0000000002637248]
Event: 0.442 Thread 0x000000000b89f000   20             java.lang.String::equals (81 bytes)
Event: 0.445 Thread 0x000000000b89f000 nmethod 20 0x000000000263ad90 code [0x000000000263aee0, 0x000000000263b158]
Event: 0.455 Thread 0x000000000b89a000   21             java.nio.Buffer::remaining (10 bytes)
Event: 0.455 Thread 0x000000000b89a000 nmethod 21 0x00000000026330d0 code [0x0000000002633200, 0x0000000002633258]
Event: 0.463 Thread 0x000000000b89f000   22             java.io.Win32FileSystem::normalize (143 bytes)
Event: 0.465 Thread 0x000000000b89f000 nmethod 22 0x00000000026323d0 code [0x0000000002632540, 0x0000000002632870]
Event: 0.488 Thread 0x000000000b89a000   23             java.lang.Math::min (11 bytes)
Event: 0.488 Thread 0x000000000b89a000 nmethod 23 0x000000000263b610 code [0x000000000263b740, 0x000000000263b798]

GC Heap History (0 events):
No events

Deoptimization events (0 events):
No events

Internal exceptions (10 events):
Event: 0.498 Thread 0x0000000001c4c800 Threw 0x00000007d6259548 at C:\jdk7u1_64p\jdk7u9\hotspot\src\share\vm\prims\jvm.cpp:1166
Event: 0.499 Thread 0x0000000001c4c800 Threw 0x00000007d625cda0 at C:\jdk7u1_64p\jdk7u9\hotspot\src\share\vm\prims\jvm.cpp:1166
Event: 0.500 Thread 0x0000000001c4c800 Threw 0x00000007d626ddb0 at C:\jdk7u1_64p\jdk7u9\hotspot\src\share\vm\prims\jvm.cpp:1166
Event: 0.502 Thread 0x0000000001c4c800 Threw 0x00000007d627e158 at C:\jdk7u1_64p\jdk7u9\hotspot\src\share\vm\prims\jvm.cpp:1166
Event: 0.502 Thread 0x0000000001c4c800 Threw 0x00000007d6280150 at C:\jdk7u1_64p\jdk7u9\hotspot\src\share\vm\prims\jvm.cpp:1166
Event: 0.503 Thread 0x0000000001c4c800 Threw 0x00000007d62887c8 at C:\jdk7u1_64p\jdk7u9\hotspot\src\share\vm\prims\jvm.cpp:1166
Event: 0.504 Thread 0x0000000001c4c800 Threw 0x00000007d628d968 at C:\jdk7u1_64p\jdk7u9\hotspot\src\share\vm\prims\jvm.cpp:1166
Event: 0.505 Thread 0x0000000001c4c800 Threw 0x00000007d628f860 at C:\jdk7u1_64p\jdk7u9\hotspot\src\share\vm\prims\jvm.cpp:1166
Event: 0.505 Thread 0x0000000001c4c800 Threw 0x00000007d6292ae0 at C:\jdk7u1_64p\jdk7u9\hotspot\src\share\vm\prims\jvm.cpp:1166
Event: 0.506 Thread 0x0000000001c4c800 Threw 0x00000007d62982e0 at C:\jdk7u1_64p\jdk7u9\hotspot\src\share\vm\prims\jvm.cpp:1166

Events (10 events):
Event: 0.504 loading class 0x000000000b88e1d0
Event: 0.504 loading class 0x000000000b88e1d0 done
Event: 0.504 loading class 0x000000000d689d30
Event: 0.504 loading class 0x000000000d689d30 done
Event: 0.505 loading class 0x000000000d6b3590
Event: 0.505 loading class 0x000000000d6b3590 done
Event: 0.505 loading class 0x000000000b8bd3a0
Event: 0.505 loading class 0x000000000b8bd3a0 done
Event: 0.506 loading class 0x000000000d83f3f0
Event: 0.506 loading class 0x000000000d83f3f0 done


Dynamic libraries:
0x000000013f900000 - 0x000000013f934000 	C:\Program Files\Java\jre7\bin\javaw.exe
0x0000000077940000 - 0x0000000077ae9000 	C:\Windows\SYSTEM32\ntdll.dll
0x0000000077820000 - 0x000000007793f000 	C:\Windows\system32\kernel32.dll
0x000007fefd790000 - 0x000007fefd7fb000 	C:\Windows\system32\KERNELBASE.dll
0x000007feffa50000 - 0x000007feffb2b000 	C:\Windows\system32\ADVAPI32.dll
0x000007fefdb10000 - 0x000007fefdbaf000 	C:\Windows\system32\msvcrt.dll
0x000007fefde40000 - 0x000007fefde5f000 	C:\Windows\SYSTEM32\sechost.dll
0x000007fefdc90000 - 0x000007fefddbd000 	C:\Windows\system32\RPCRT4.dll
0x0000000077720000 - 0x000000007781a000 	C:\Windows\system32\USER32.dll
0x000007fefddc0000 - 0x000007fefde27000 	C:\Windows\system32\GDI32.dll
0x000007fefde30000 - 0x000007fefde3e000 	C:\Windows\system32\LPK.dll
0x000007fefdf00000 - 0x000007fefdfc9000 	C:\Windows\system32\USP10.dll
0x000007fefbd80000 - 0x000007fefbf74000 	C:\Windows\WinSxS\amd64_microsoft.windows.common-controls_6595b64144ccf1df_6.0.7601.17514_none_fa396087175ac9ac\COMCTL32.dll
0x000007fefde60000 - 0x000007fefded1000 	C:\Windows\system32\SHLWAPI.dll
0x000007fefe9f0000 - 0x000007fefea1e000 	C:\Windows\system32\IMM32.DLL
0x000007fefdfd0000 - 0x000007fefe0d9000 	C:\Windows\system32\MSCTF.dll
0x000000006b4f0000 - 0x000000006b5c1000 	C:\Program Files\Java\jre7\bin\msvcr100.dll
0x000000006add0000 - 0x000000006b4ef000 	C:\Program Files\Java\jre7\bin\server\jvm.dll
0x000007feecf30000 - 0x000007feecf39000 	C:\Windows\system32\WSOCK32.dll
0x000007feffa00000 - 0x000007feffa4d000 	C:\Windows\system32\WS2_32.dll
0x000007fefec60000 - 0x000007fefec68000 	C:\Windows\system32\NSI.dll
0x000007fefb7b0000 - 0x000007fefb7eb000 	C:\Windows\system32\WINMM.dll
0x0000000077b00000 - 0x0000000077b07000 	C:\Windows\system32\PSAPI.DLL
0x000000006adc0000 - 0x000000006adcf000 	C:\Program Files\Java\jre7\bin\verify.dll
0x000000006ad90000 - 0x000000006adb8000 	C:\Program Files\Java\jre7\bin\java.dll
0x000000006ad70000 - 0x000000006ad85000 	C:\Program Files\Java\jre7\bin\zip.dll
0x000007fefb2d0000 - 0x000007fefb329000 	C:\SoftwareDesign\Game\native\windows\x64\lwjgl.dll
0x000007fee8850000 - 0x000007fee896d000 	C:\Windows\system32\OPENGL32.dll
0x000007fef5450000 - 0x000007fef547d000 	C:\Windows\system32\GLU32.dll
0x000007feeabf0000 - 0x000007feeace1000 	C:\Windows\system32\DDRAW.dll
0x000007fefb2c0000 - 0x000007fefb2c8000 	C:\Windows\system32\DCIMAN32.dll
0x000007fefea20000 - 0x000007fefebf7000 	C:\Windows\system32\SETUPAPI.dll
0x000007fefda20000 - 0x000007fefda56000 	C:\Windows\system32\CFGMGR32.dll
0x000007fefdbb0000 - 0x000007fefdc87000 	C:\Windows\system32\OLEAUT32.dll
0x000007fefe250000 - 0x000007fefe453000 	C:\Windows\system32\ole32.dll
0x000007fefd860000 - 0x000007fefd87a000 	C:\Windows\system32\DEVOBJ.dll
0x000007fefb440000 - 0x000007fefb458000 	C:\Windows\system32\dwmapi.dll
0x000007fefec70000 - 0x000007feff9f8000 	C:\Windows\system32\SHELL32.dll
0x00000000541f0000 - 0x00000000560c9000 	C:\Windows\system32\nvoglv64.DLL
0x000007fefc9b0000 - 0x000007fefc9c1000 	C:\Windows\system32\WTSAPI32.dll
0x000007fefc820000 - 0x000007fefc82c000 	C:\Windows\system32\VERSION.dll
0x000007fefd820000 - 0x000007fefd85a000 	C:\Windows\system32\WINTRUST.dll
0x000007fefd8a0000 - 0x000007fefda0a000 	C:\Windows\system32\CRYPT32.dll
0x000007fefd760000 - 0x000007fefd76f000 	C:\Windows\system32\MSASN1.dll
0x000007fefbf80000 - 0x000007fefbfad000 	C:\Windows\system32\ntmarta.dll
0x000007fefec00000 - 0x000007fefec52000 	C:\Windows\system32\WLDAP32.dll
0x000007fefcad0000 - 0x000007fefcb0d000 	C:\Windows\system32\WINSTA.dll
0x000007fefd5f0000 - 0x000007fefd5ff000 	C:\Windows\system32\CRYPTBASE.dll
0x000007feebd70000 - 0x000007feebe95000 	C:\Windows\system32\dbghelp.dll

VM Arguments:
jvm_args: -Djava.library.path=C:\SoftwareDesign\Game\native\windows\x64 -Dfile.encoding=UTF-8 
java_command: mainpkg.Launcher
Launcher Type: SUN_STANDARD

Environment Variables:
CLASSPATH=.;C:\Program Files (x86)\Java\jre7\lib\ext\QTJava.zip
PATH=C:\Program Files (x86)\NVIDIA Corporation\PhysX\Common;C:\Program Files (x86)\Intel\iCLS Client\;C:\Program Files\Intel\iCLS Client\;C:\Windows\system32;C:\Windows;C:\Windows\System32\Wbem;C:\Windows\System32\WindowsPowerShell\v1.0\;C:\Program Files\Intel\Intel(R) Management Engine Components\DAL;C:\Program Files\Intel\Intel(R) Management Engine Components\IPT;C:\Program Files (x86)\Intel\Intel(R) Management Engine Components\DAL;C:\Program Files (x86)\Intel\Intel(R) Management Engine Components\IPT;C:\Program Files (x86)\Microsoft SQL Server\100\Tools\Binn\;C:\Program Files\Microsoft SQL Server\100\Tools\Binn\;C:\Program Files\Microsoft SQL Server\100\DTS\Binn\;C:\Program Files (x86)\Microchip\MPLAB C32 Suite\bin;C:\Program Files (x86)\QuickTime\QTSystem\;C:\Program Files\TortoiseSVN\bin;C:\Program Files (x86)\Microsoft ASP.NET\ASP.NET Web Pages\v1.0\;C:\Program Files\Microsoft SQL Server\110\Tools\Binn\;C:\Program Files\Microsoft\Web Platform Installer\;C:\Program Files (x86)\Microsoft SDKs\TypeScript\1.0\;C:\MCC18\mpasm;C:\MCC18\bin;
USERNAME=Cal
OS=Windows_NT
PROCESSOR_IDENTIFIER=Intel64 Family 6 Model 58 Stepping 9, GenuineIntel



---------------  S Y S T E M  ---------------

OS: Windows 7 , 64 bit Build 7601 Service Pack 1

CPU:total 4 (4 cores per cpu, 1 threads per core) family 6 model 58 stepping 9, cmov, cx8, fxsr, mmx, sse, sse2, sse3, ssse3, sse4.1, sse4.2, popcnt, avx, tsc, tscinvbit, tscinv

Memory: 4k page, physical 8338480k(5081276k free), swap 16675096k(12442560k free)

vm_info: Java HotSpot(TM) 64-Bit Server VM (23.5-b02) for windows-amd64 JRE (1.7.0_09-b05), built on Sep 24 2012 21:45:04 by "java_re" with unknown MS VC++:1600

time: Sun Mar 01 23:30:16 2015
elapsed time: 0 seconds

